\BOOKMARK [0][-]{chapter.1}{\376\377\0001\000\040\000P\000\341\000g\000i\000n\000a\000\040\000p\000r\000i\000n\000c\000i\000p\000a\000l\000\040\000d\000e\000\040\000l\000a\000\040\000d\000o\000c\000u\000m\000e\000n\000t\000a\000c\000i\000o\000n}{}% 1
\BOOKMARK [1][-]{section.1.1}{\376\377\0001\000.\0001\000\040\000I\000n\000t\000r\000o\000d\000u\000c\000c\000i\000\363\000n}{chapter.1}% 2
\BOOKMARK [1][-]{section.1.2}{\376\377\0001\000.\0002\000\040\000E\000s\000t\000r\000u\000c\000t\000u\000r\000a\000\040\000d\000e\000\040\000l\000a\000\040\000l\000i\000b\000r\000e\000r\000\355\000a}{chapter.1}% 3
\BOOKMARK [2][-]{subsection.1.2.1}{\376\377\0001\000.\0002\000.\0001\000\040\000C\000a\000p\000a\000\040\000d\000e\000\040\000a\000p\000l\000i\000c\000a\000c\000i\000\363\000n\000\040\000d\000e\000\040\000h\000a\000r\000d\000w\000a\000r\000e\000\040\000\050\000H\000A\000L\000\051}{section.1.2}% 4
\BOOKMARK [2][-]{subsection.1.2.2}{\376\377\0001\000.\0002\000.\0002\000\040\000C\000a\000p\000a\000\040\000d\000e\000\040\000a\000b\000s\000t\000r\000a\000c\000c\000i\000\363\000n\000\040\000d\000e\000\040\000h\000a\000r\000d\000w\000a\000r\000e\000\040\000\050\000H\000P\000L\000\051}{section.1.2}% 5
\BOOKMARK [2][-]{subsection.1.2.3}{\376\377\0001\000.\0002\000.\0003\000\040\000C\000a\000p\000a\000\040\000d\000e\000\040\000r\000e\000g\000i\000s\000t\000r\000o\000s\000\040\000d\000e\000\040\000h\000a\000r\000d\000w\000a\000r\000e\000\040\000\050\000H\000R\000I\000\051}{section.1.2}% 6
\BOOKMARK [0][-]{chapter.2}{\376\377\0002\000\040\000I\000n\000d\000i\000c\000e\000\040\000d\000e\000\040\000m\000\363\000d\000u\000l\000o\000s}{}% 7
\BOOKMARK [1][-]{section.2.1}{\376\377\0002\000.\0001\000\040\000M\000\363\000d\000u\000l\000o\000s}{chapter.2}% 8
\BOOKMARK [0][-]{chapter.3}{\376\377\0003\000\040\000\315\000n\000d\000i\000c\000e\000\040\000d\000e\000\040\000e\000s\000t\000r\000u\000c\000t\000u\000r\000a\000\040\000d\000e\000\040\000d\000a\000t\000o\000s}{}% 9
\BOOKMARK [1][-]{section.3.1}{\376\377\0003\000.\0001\000\040\000E\000s\000t\000r\000u\000c\000t\000u\000r\000a\000\040\000d\000e\000\040\000d\000a\000t\000o\000s}{chapter.3}% 10
\BOOKMARK [0][-]{chapter.4}{\376\377\0004\000\040\000I\000n\000d\000i\000c\000e\000\040\000d\000e\000\040\000a\000r\000c\000h\000i\000v\000o\000s}{}% 11
\BOOKMARK [1][-]{section.4.1}{\376\377\0004\000.\0001\000\040\000L\000i\000s\000t\000a\000\040\000d\000e\000\040\000a\000r\000c\000h\000i\000v\000o\000s}{chapter.4}% 12
\BOOKMARK [0][-]{chapter.5}{\376\377\0005\000\040\000D\000o\000c\000u\000m\000e\000n\000t\000a\000c\000i\000\363\000n\000\040\000d\000e\000\040\000m\000\363\000d\000u\000l\000o\000s}{}% 13
\BOOKMARK [1][-]{section.5.1}{\376\377\0005\000.\0001\000\040\000C\000o\000n\000v\000e\000r\000s\000o\000r\000\040\000a\000n\000a\000l\000\363\000g\000i\000c\000o\000\040\000a\000\040\000d\000i\000g\000i\000t\000a\000l\000\040\000\050\000A\000D\000C\000\051}{chapter.5}% 14
\BOOKMARK [2][-]{subsection.5.1.1}{\376\377\0005\000.\0001\000.\0001\000\040\000D\000e\000s\000c\000r\000i\000p\000c\000i\000\363\000n\000\040\000d\000e\000t\000a\000l\000l\000a\000d\000a}{section.5.1}% 15
\BOOKMARK [2][-]{subsection.5.1.2}{\376\377\0005\000.\0001\000.\0002\000\040\000D\000o\000c\000u\000m\000e\000n\000t\000a\000c\000i\000\363\000n\000\040\000d\000e\000\040\000l\000a\000s\000\040\000e\000s\000t\000r\000u\000c\000t\000u\000r\000a\000s\000\040\000d\000e\000\040\000d\000a\000t\000o\000s}{section.5.1}% 16
\BOOKMARK [3][-]{subsubsection.5.1.2.1}{\376\377\0005\000.\0001\000.\0002\000.\0001\000\040\000s\000t\000r\000u\000c\000t\000\040\000h\000a\000l\000\137\000a\000d\000c\000\137\000s\000e\000q\000u\000e\000n\000c\000e\000\137\000c\000o\000n\000f\000i\000g\000\137\000t}{subsection.5.1.2}% 17
\BOOKMARK [3][-]{subsubsection.5.1.2.2}{\376\377\0005\000.\0001\000.\0002\000.\0002\000\040\000s\000t\000r\000u\000c\000t\000\040\000h\000a\000l\000\137\000a\000d\000c\000\137\000s\000e\000q\000u\000e\000n\000c\000e\000\137\000r\000e\000s\000u\000l\000t\000\137\000t}{subsection.5.1.2}% 18
\BOOKMARK [2][-]{subsection.5.1.3}{\376\377\0005\000.\0001\000.\0003\000\040\000D\000o\000c\000u\000m\000e\000n\000t\000a\000c\000i\000\363\000n\000\040\000d\000e\000\040\000l\000o\000s\000\040\000\047\000t\000y\000p\000e\000d\000e\000f\000s\000\047}{section.5.1}% 19
\BOOKMARK [3][-]{subsubsection.5.1.3.1}{\376\377\0005\000.\0001\000.\0003\000.\0001\000\040\000a\000d\000c\000\137\000s\000e\000q\000u\000e\000n\000c\000e\000\137\000i\000n\000t\000e\000r\000r\000u\000p\000t\000\137\000t}{subsection.5.1.3}% 20
\BOOKMARK [2][-]{subsection.5.1.4}{\376\377\0005\000.\0001\000.\0004\000\040\000D\000o\000c\000u\000m\000e\000n\000t\000a\000c\000i\000\363\000n\000\040\000d\000e\000\040\000l\000a\000s\000\040\000e\000n\000u\000m\000e\000r\000a\000c\000i\000o\000n\000e\000s}{section.5.1}% 21
\BOOKMARK [3][-]{subsubsection.5.1.4.1}{\376\377\0005\000.\0001\000.\0004\000.\0001\000\040\000h\000a\000l\000\137\000a\000d\000c\000\137\000c\000l\000o\000c\000k\000\137\000s\000o\000u\000r\000c\000e\000\137\000e\000n}{subsection.5.1.4}% 22
\BOOKMARK [3][-]{subsubsection.5.1.4.2}{\376\377\0005\000.\0001\000.\0004\000.\0002\000\040\000h\000a\000l\000\137\000a\000d\000c\000\137\000l\000o\000w\000\137\000p\000o\000w\000e\000r\000\137\000m\000o\000d\000e\000\137\000e\000n}{subsection.5.1.4}% 23
\BOOKMARK [3][-]{subsubsection.5.1.4.3}{\376\377\0005\000.\0001\000.\0004\000.\0003\000\040\000h\000a\000l\000\137\000a\000d\000c\000\137\000s\000e\000q\000u\000e\000n\000c\000e\000\137\000s\000e\000l\000\137\000e\000n}{subsection.5.1.4}% 24
\BOOKMARK [3][-]{subsubsection.5.1.4.4}{\376\377\0005\000.\0001\000.\0004\000.\0004\000\040\000h\000a\000l\000\137\000a\000d\000c\000\137\000t\000r\000i\000g\000g\000e\000r\000\137\000s\000e\000l\000\137\000e\000n}{subsection.5.1.4}% 25
\BOOKMARK [3][-]{subsubsection.5.1.4.5}{\376\377\0005\000.\0001\000.\0004\000.\0005\000\040\000h\000a\000l\000\137\000a\000d\000c\000\137\000t\000r\000i\000g\000g\000e\000r\000\137\000p\000o\000l\000\137\000s\000e\000l\000\137\000e\000n}{subsection.5.1.4}% 26
\BOOKMARK [3][-]{subsubsection.5.1.4.6}{\376\377\0005\000.\0001\000.\0004\000.\0006\000\040\000h\000a\000l\000\137\000a\000d\000c\000\137\000s\000y\000n\000c\000\137\000s\000e\000l\000\137\000e\000n}{subsection.5.1.4}% 27
\BOOKMARK [3][-]{subsubsection.5.1.4.7}{\376\377\0005\000.\0001\000.\0004\000.\0007\000\040\000h\000a\000l\000\137\000a\000d\000c\000\137\000i\000n\000t\000e\000r\000r\000u\000p\000t\000\137\000m\000o\000d\000e\000\137\000e\000n}{subsection.5.1.4}% 28
\BOOKMARK [3][-]{subsubsection.5.1.4.8}{\376\377\0005\000.\0001\000.\0004\000.\0008\000\040\000h\000a\000l\000\137\000a\000d\000c\000\137\000r\000e\000s\000u\000l\000t\000\137\000c\000h\000a\000n\000n\000e\000l\000\137\000e\000n}{subsection.5.1.4}% 29
\BOOKMARK [3][-]{subsubsection.5.1.4.9}{\376\377\0005\000.\0001\000.\0004\000.\0009\000\040\000h\000a\000l\000\137\000a\000d\000c\000\137\000s\000e\000q\000u\000e\000n\000c\000e\000\137\000r\000e\000s\000u\000l\000t\000\137\000e\000n}{subsection.5.1.4}% 30
\BOOKMARK [2][-]{subsection.5.1.5}{\376\377\0005\000.\0001\000.\0005\000\040\000D\000o\000c\000u\000m\000e\000n\000t\000a\000c\000i\000\363\000n\000\040\000d\000e\000\040\000l\000a\000s\000\040\000f\000u\000n\000c\000i\000o\000n\000e\000s}{section.5.1}% 31
\BOOKMARK [3][-]{subsubsection.5.1.5.1}{\376\377\0005\000.\0001\000.\0005\000.\0001\000\040\000h\000a\000l\000\137\000a\000d\000c\000\137\000i\000n\000i\000t\000\137\000a\000s\000y\000n\000c\000\137\000m\000o\000d\000e\000\050\000\051}{subsection.5.1.5}% 32
\BOOKMARK [3][-]{subsubsection.5.1.5.2}{\376\377\0005\000.\0001\000.\0005\000.\0002\000\040\000h\000a\000l\000\137\000a\000d\000c\000\137\000i\000n\000i\000t\000\137\000s\000y\000n\000c\000\137\000m\000o\000d\000e\000\050\000\051}{subsection.5.1.5}% 33
\BOOKMARK [3][-]{subsubsection.5.1.5.3}{\376\377\0005\000.\0001\000.\0005\000.\0003\000\040\000h\000a\000l\000\137\000a\000d\000c\000\137\000c\000o\000n\000f\000i\000g\000\137\000s\000e\000q\000u\000e\000n\000c\000e\000\050\000\051}{subsection.5.1.5}% 34
\BOOKMARK [3][-]{subsubsection.5.1.5.4}{\376\377\0005\000.\0001\000.\0005\000.\0004\000\040\000h\000a\000l\000\137\000a\000d\000c\000\137\000e\000n\000a\000b\000l\000e\000\137\000s\000e\000q\000u\000e\000n\000c\000e\000\050\000\051}{subsection.5.1.5}% 35
\BOOKMARK [3][-]{subsubsection.5.1.5.5}{\376\377\0005\000.\0001\000.\0005\000.\0005\000\040\000h\000a\000l\000\137\000a\000d\000c\000\137\000s\000t\000a\000r\000t\000\137\000s\000e\000q\000u\000e\000n\000c\000e\000\050\000\051}{subsection.5.1.5}% 36
\BOOKMARK [3][-]{subsubsection.5.1.5.6}{\376\377\0005\000.\0001\000.\0005\000.\0006\000\040\000h\000a\000l\000\137\000a\000d\000c\000\137\000g\000e\000t\000\137\000s\000e\000q\000u\000e\000n\000c\000e\000\137\000r\000e\000s\000u\000l\000t\000\050\000\051}{subsection.5.1.5}% 37
\BOOKMARK [0][-]{chapter.6}{\376\377\0006\000\040\000D\000o\000c\000u\000m\000e\000n\000t\000a\000c\000i\000\363\000n\000\040\000d\000e\000\040\000l\000a\000s\000\040\000e\000s\000t\000r\000u\000c\000t\000u\000r\000a\000s\000\040\000d\000e\000\040\000d\000a\000t\000o\000s}{}% 38
\BOOKMARK [1][-]{section.6.1}{\376\377\0006\000.\0001\000\040\000R\000e\000f\000e\000r\000e\000n\000c\000i\000a\000\040\000d\000e\000\040\000l\000a\000\040\000E\000s\000t\000r\000u\000c\000t\000u\000r\000a\000\040\000h\000a\000l\000\137\000c\000t\000i\000m\000e\000r\000\137\000m\000a\000t\000c\000h\000\137\000c\000o\000n\000f\000i\000g\000\137\000t}{chapter.6}% 39
\BOOKMARK [1][-]{section.6.2}{\376\377\0006\000.\0002\000\040\000R\000e\000f\000e\000r\000e\000n\000c\000i\000a\000\040\000d\000e\000\040\000l\000a\000\040\000E\000s\000t\000r\000u\000c\000t\000u\000r\000a\000\040\000h\000a\000l\000\137\000c\000t\000i\000m\000e\000r\000\137\000p\000w\000m\000\137\000c\000h\000a\000n\000n\000e\000l\000\137\000c\000o\000n\000f\000i\000g\000\137\000t}{chapter.6}% 40
\BOOKMARK [1][-]{section.6.3}{\376\377\0006\000.\0003\000\040\000R\000e\000f\000e\000r\000e\000n\000c\000i\000a\000\040\000d\000e\000\040\000l\000a\000\040\000E\000s\000t\000r\000u\000c\000t\000u\000r\000a\000\040\000h\000a\000l\000\137\000c\000t\000i\000m\000e\000r\000\137\000p\000w\000m\000\137\000c\000o\000n\000f\000i\000g\000\137\000t}{chapter.6}% 41
\BOOKMARK [1][-]{section.6.4}{\376\377\0006\000.\0004\000\040\000R\000e\000f\000e\000r\000e\000n\000c\000i\000a\000\040\000d\000e\000\040\000l\000a\000\040\000E\000s\000t\000r\000u\000c\000t\000u\000r\000a\000\040\000h\000a\000l\000\137\000p\000i\000n\000i\000n\000t\000\137\000c\000o\000n\000f\000i\000g\000\137\000t}{chapter.6}% 42
\BOOKMARK [1][-]{section.6.5}{\376\377\0006\000.\0005\000\040\000R\000e\000f\000e\000r\000e\000n\000c\000i\000a\000\040\000d\000e\000\040\000l\000a\000\040\000E\000s\000t\000r\000u\000c\000t\000u\000r\000a\000\040\000h\000a\000l\000\137\000s\000p\000i\000\137\000m\000a\000s\000t\000e\000r\000\137\000m\000o\000d\000e\000\137\000c\000o\000n\000f\000i\000g\000\137\000t}{chapter.6}% 43
\BOOKMARK [1][-]{section.6.6}{\376\377\0006\000.\0006\000\040\000R\000e\000f\000e\000r\000e\000n\000c\000i\000a\000\040\000d\000e\000\040\000l\000a\000\040\000E\000s\000t\000r\000u\000c\000t\000u\000r\000a\000\040\000h\000a\000l\000\137\000u\000a\000r\000t\000\137\000c\000o\000n\000f\000i\000g\000\137\000t}{chapter.6}% 44
\BOOKMARK [0][-]{chapter.7}{\376\377\0007\000\040\000D\000o\000c\000u\000m\000e\000n\000t\000a\000c\000i\000\363\000n\000\040\000d\000e\000\040\000a\000r\000c\000h\000i\000v\000o\000s}{}% 45
\BOOKMARK [1][-]{section.7.1}{\376\377\0007\000.\0001\000\040\000R\000e\000f\000e\000r\000e\000n\000c\000i\000a\000\040\000d\000e\000l\000\040\000A\000r\000c\000h\000i\000v\000o\000\040\000i\000n\000c\000l\000u\000d\000e\000s\000/\000h\000a\000l\000/\000H\000A\000L\000\137\000A\000D\000C\000.\000h}{chapter.7}% 46
\BOOKMARK [2][-]{subsection.7.1.1}{\376\377\0007\000.\0001\000.\0001\000\040\000D\000e\000s\000c\000r\000i\000p\000c\000i\000\363\000n\000\040\000d\000e\000t\000a\000l\000l\000a\000d\000a}{section.7.1}% 47
\BOOKMARK [1][-]{section.7.2}{\376\377\0007\000.\0002\000\040\000R\000e\000f\000e\000r\000e\000n\000c\000i\000a\000\040\000d\000e\000l\000\040\000A\000r\000c\000h\000i\000v\000o\000\040\000i\000n\000c\000l\000u\000d\000e\000s\000/\000h\000a\000l\000/\000H\000A\000L\000\137\000C\000T\000I\000M\000E\000R\000.\000h}{chapter.7}% 48
\BOOKMARK [2][-]{subsection.7.2.1}{\376\377\0007\000.\0002\000.\0001\000\040\000D\000e\000s\000c\000r\000i\000p\000c\000i\000\363\000n\000\040\000d\000e\000t\000a\000l\000l\000a\000d\000a}{section.7.2}% 49
\BOOKMARK [2][-]{subsection.7.2.2}{\376\377\0007\000.\0002\000.\0002\000\040\000D\000o\000c\000u\000m\000e\000n\000t\000a\000c\000i\000\363\000n\000\040\000d\000e\000\040\000l\000a\000s\000\040\000f\000u\000n\000c\000i\000o\000n\000e\000s}{section.7.2}% 50
\BOOKMARK [3][-]{subsubsection.7.2.2.1}{\376\377\0007\000.\0002\000.\0002\000.\0001\000\040\000h\000a\000l\000\137\000c\000t\000i\000m\000e\000r\000\137\000t\000i\000m\000e\000r\000\137\000m\000o\000d\000e\000\137\000i\000n\000i\000t\000\050\000\051}{subsection.7.2.2}% 51
\BOOKMARK [3][-]{subsubsection.7.2.2.2}{\376\377\0007\000.\0002\000.\0002\000.\0002\000\040\000h\000a\000l\000\137\000c\000t\000i\000m\000e\000r\000\137\000t\000i\000m\000e\000r\000\137\000m\000o\000d\000e\000\137\000c\000o\000n\000f\000i\000g\000\137\000m\000a\000t\000c\000h\000\050\000\051}{subsection.7.2.2}% 52
\BOOKMARK [3][-]{subsubsection.7.2.2.3}{\376\377\0007\000.\0002\000.\0002\000.\0003\000\040\000h\000a\000l\000\137\000c\000t\000i\000m\000e\000r\000\137\000p\000w\000m\000\137\000m\000o\000d\000e\000\137\000i\000n\000i\000t\000\050\000\051}{subsection.7.2.2}% 53
\BOOKMARK [3][-]{subsubsection.7.2.2.4}{\376\377\0007\000.\0002\000.\0002\000.\0004\000\040\000h\000a\000l\000\137\000c\000t\000i\000m\000e\000r\000\137\000p\000w\000m\000\137\000m\000o\000d\000e\000\137\000s\000e\000t\000\137\000p\000e\000r\000i\000o\000d\000\050\000\051}{subsection.7.2.2}% 54
\BOOKMARK [3][-]{subsubsection.7.2.2.5}{\376\377\0007\000.\0002\000.\0002\000.\0005\000\040\000h\000a\000l\000\137\000c\000t\000i\000m\000e\000r\000\137\000p\000w\000m\000\137\000m\000o\000d\000e\000\137\000c\000o\000n\000f\000i\000g\000\137\000c\000h\000a\000n\000n\000e\000l\000\050\000\051}{subsection.7.2.2}% 55
\BOOKMARK [1][-]{section.7.3}{\376\377\0007\000.\0003\000\040\000R\000e\000f\000e\000r\000e\000n\000c\000i\000a\000\040\000d\000e\000l\000\040\000A\000r\000c\000h\000i\000v\000o\000\040\000i\000n\000c\000l\000u\000d\000e\000s\000/\000h\000a\000l\000/\000H\000A\000L\000\137\000D\000A\000C\000.\000h}{chapter.7}% 56
\BOOKMARK [2][-]{subsection.7.3.1}{\376\377\0007\000.\0003\000.\0001\000\040\000D\000e\000s\000c\000r\000i\000p\000c\000i\000\363\000n\000\040\000d\000e\000t\000a\000l\000l\000a\000d\000a}{section.7.3}% 57
\BOOKMARK [2][-]{subsection.7.3.2}{\376\377\0007\000.\0003\000.\0002\000\040\000D\000o\000c\000u\000m\000e\000n\000t\000a\000c\000i\000\363\000n\000\040\000d\000e\000\040\000l\000a\000s\000\040\000e\000s\000t\000r\000u\000c\000t\000u\000r\000a\000s\000\040\000d\000e\000\040\000d\000a\000t\000o\000s}{section.7.3}% 58
\BOOKMARK [3][-]{subsubsection.7.3.2.1}{\376\377\0007\000.\0003\000.\0002\000.\0001\000\040\000s\000t\000r\000u\000c\000t\000\040\000h\000a\000l\000\137\000d\000a\000c\000\137\000c\000t\000r\000l\000\137\000c\000o\000n\000f\000i\000g\000\137\000t}{subsection.7.3.2}% 59
\BOOKMARK [2][-]{subsection.7.3.3}{\376\377\0007\000.\0003\000.\0003\000\040\000D\000o\000c\000u\000m\000e\000n\000t\000a\000c\000i\000\363\000n\000\040\000d\000e\000\040\000l\000a\000s\000\040\000f\000u\000n\000c\000i\000o\000n\000e\000s}{section.7.3}% 60
\BOOKMARK [3][-]{subsubsection.7.3.3.1}{\376\377\0007\000.\0003\000.\0003\000.\0001\000\040\000h\000a\000l\000\137\000d\000a\000c\000\137\000i\000n\000i\000t\000\050\000\051}{subsection.7.3.3}% 61
\BOOKMARK [1][-]{section.7.4}{\376\377\0007\000.\0004\000\040\000R\000e\000f\000e\000r\000e\000n\000c\000i\000a\000\040\000d\000e\000l\000\040\000A\000r\000c\000h\000i\000v\000o\000\040\000i\000n\000c\000l\000u\000d\000e\000s\000/\000h\000a\000l\000/\000H\000A\000L\000\137\000G\000P\000I\000O\000.\000h}{chapter.7}% 62
\BOOKMARK [2][-]{subsection.7.4.1}{\376\377\0007\000.\0004\000.\0001\000\040\000D\000e\000s\000c\000r\000i\000p\000c\000i\000\363\000n\000\040\000d\000e\000t\000a\000l\000l\000a\000d\000a}{section.7.4}% 63
\BOOKMARK [2][-]{subsection.7.4.2}{\376\377\0007\000.\0004\000.\0002\000\040\000D\000o\000c\000u\000m\000e\000n\000t\000a\000c\000i\000\363\000n\000\040\000d\000e\000\040\000l\000a\000s\000\040\000f\000u\000n\000c\000i\000o\000n\000e\000s}{section.7.4}% 64
\BOOKMARK [3][-]{subsubsection.7.4.2.1}{\376\377\0007\000.\0004\000.\0002\000.\0001\000\040\000h\000a\000l\000\137\000g\000p\000i\000o\000\137\000i\000n\000i\000t\000\050\000\051}{subsection.7.4.2}% 65
\BOOKMARK [3][-]{subsubsection.7.4.2.2}{\376\377\0007\000.\0004\000.\0002\000.\0002\000\040\000h\000a\000l\000\137\000g\000p\000i\000o\000\137\000s\000e\000t\000\137\000d\000i\000r\000\050\000\051}{subsection.7.4.2}% 66
\BOOKMARK [3][-]{subsubsection.7.4.2.3}{\376\377\0007\000.\0004\000.\0002\000.\0003\000\040\000h\000a\000l\000\137\000g\000p\000i\000o\000\137\000s\000e\000t\000\137\000p\000i\000n\000\050\000\051}{subsection.7.4.2}% 67
\BOOKMARK [3][-]{subsubsection.7.4.2.4}{\376\377\0007\000.\0004\000.\0002\000.\0004\000\040\000h\000a\000l\000\137\000g\000p\000i\000o\000\137\000c\000l\000e\000a\000r\000\137\000p\000i\000n\000\050\000\051}{subsection.7.4.2}% 68
\BOOKMARK [3][-]{subsubsection.7.4.2.5}{\376\377\0007\000.\0004\000.\0002\000.\0005\000\040\000h\000a\000l\000\137\000g\000p\000i\000o\000\137\000t\000o\000g\000g\000l\000e\000\137\000p\000i\000n\000\050\000\051}{subsection.7.4.2}% 69
\BOOKMARK [3][-]{subsubsection.7.4.2.6}{\376\377\0007\000.\0004\000.\0002\000.\0006\000\040\000h\000a\000l\000\137\000g\000p\000i\000o\000\137\000r\000e\000a\000d\000\137\000p\000i\000n\000\050\000\051}{subsection.7.4.2}% 70
\BOOKMARK [1][-]{section.7.5}{\376\377\0007\000.\0005\000\040\000R\000e\000f\000e\000r\000e\000n\000c\000i\000a\000\040\000d\000e\000l\000\040\000A\000r\000c\000h\000i\000v\000o\000\040\000i\000n\000c\000l\000u\000d\000e\000s\000/\000h\000a\000l\000/\000H\000A\000L\000\137\000I\000O\000C\000O\000N\000.\000h}{chapter.7}% 71
\BOOKMARK [2][-]{subsection.7.5.1}{\376\377\0007\000.\0005\000.\0001\000\040\000D\000e\000s\000c\000r\000i\000p\000c\000i\000\363\000n\000\040\000d\000e\000t\000a\000l\000l\000a\000d\000a}{section.7.5}% 72
\BOOKMARK [2][-]{subsection.7.5.2}{\376\377\0007\000.\0005\000.\0002\000\040\000D\000o\000c\000u\000m\000e\000n\000t\000a\000c\000i\000\363\000n\000\040\000d\000e\000\040\000l\000a\000s\000\040\000e\000s\000t\000r\000u\000c\000t\000u\000r\000a\000s\000\040\000d\000e\000\040\000d\000a\000t\000o\000s}{section.7.5}% 73
\BOOKMARK [3][-]{subsubsection.7.5.2.1}{\376\377\0007\000.\0005\000.\0002\000.\0001\000\040\000s\000t\000r\000u\000c\000t\000\040\000h\000a\000l\000\137\000i\000o\000c\000o\000n\000\137\000c\000o\000n\000f\000i\000g\000\137\000t}{subsection.7.5.2}% 74
\BOOKMARK [2][-]{subsection.7.5.3}{\376\377\0007\000.\0005\000.\0003\000\040\000D\000o\000c\000u\000m\000e\000n\000t\000a\000c\000i\000\363\000n\000\040\000d\000e\000\040\000l\000a\000s\000\040\000f\000u\000n\000c\000i\000o\000n\000e\000s}{section.7.5}% 75
\BOOKMARK [3][-]{subsubsection.7.5.3.1}{\376\377\0007\000.\0005\000.\0003\000.\0001\000\040\000h\000a\000l\000\137\000i\000o\000c\000o\000n\000\137\000c\000o\000n\000f\000i\000g\000\137\000i\000o\000\050\000\051}{subsection.7.5.3}% 76
\BOOKMARK [1][-]{section.7.6}{\376\377\0007\000.\0006\000\040\000R\000e\000f\000e\000r\000e\000n\000c\000i\000a\000\040\000d\000e\000l\000\040\000A\000r\000c\000h\000i\000v\000o\000\040\000i\000n\000c\000l\000u\000d\000e\000s\000/\000h\000a\000l\000/\000H\000A\000L\000\137\000P\000I\000N\000I\000N\000T\000.\000h}{chapter.7}% 77
\BOOKMARK [2][-]{subsection.7.6.1}{\376\377\0007\000.\0006\000.\0001\000\040\000D\000e\000s\000c\000r\000i\000p\000c\000i\000\363\000n\000\040\000d\000e\000t\000a\000l\000l\000a\000d\000a}{section.7.6}% 78
\BOOKMARK [2][-]{subsection.7.6.2}{\376\377\0007\000.\0006\000.\0002\000\040\000D\000o\000c\000u\000m\000e\000n\000t\000a\000c\000i\000\363\000n\000\040\000d\000e\000\040\000l\000a\000s\000\040\000f\000u\000n\000c\000i\000o\000n\000e\000s}{section.7.6}% 79
\BOOKMARK [3][-]{subsubsection.7.6.2.1}{\376\377\0007\000.\0006\000.\0002\000.\0001\000\040\000h\000a\000l\000\137\000p\000i\000n\000i\000n\000t\000\137\000c\000o\000n\000f\000i\000g\000u\000r\000e\000\137\000p\000i\000n\000\137\000i\000n\000t\000e\000r\000r\000u\000p\000t\000\050\000\051}{subsection.7.6.2}% 80
\BOOKMARK [3][-]{subsubsection.7.6.2.2}{\376\377\0007\000.\0006\000.\0002\000.\0002\000\040\000h\000a\000l\000\137\000p\000i\000n\000i\000n\000t\000\137\000r\000e\000g\000i\000s\000t\000e\000r\000\137\000c\000a\000l\000l\000b\000a\000c\000k\000\050\000\051}{subsection.7.6.2}% 81
\BOOKMARK [1][-]{section.7.7}{\376\377\0007\000.\0007\000\040\000R\000e\000f\000e\000r\000e\000n\000c\000i\000a\000\040\000d\000e\000l\000\040\000A\000r\000c\000h\000i\000v\000o\000\040\000i\000n\000c\000l\000u\000d\000e\000s\000/\000h\000a\000l\000/\000H\000A\000L\000\137\000S\000P\000I\000.\000h}{chapter.7}% 82
\BOOKMARK [2][-]{subsection.7.7.1}{\376\377\0007\000.\0007\000.\0001\000\040\000D\000e\000s\000c\000r\000i\000p\000c\000i\000\363\000n\000\040\000d\000e\000t\000a\000l\000l\000a\000d\000a}{section.7.7}% 83
\BOOKMARK [2][-]{subsection.7.7.2}{\376\377\0007\000.\0007\000.\0002\000\040\000D\000o\000c\000u\000m\000e\000n\000t\000a\000c\000i\000\363\000n\000\040\000d\000e\000\040\000l\000a\000s\000\040\000e\000s\000t\000r\000u\000c\000t\000u\000r\000a\000s\000\040\000d\000e\000\040\000d\000a\000t\000o\000s}{section.7.7}% 84
\BOOKMARK [3][-]{subsubsection.7.7.2.1}{\376\377\0007\000.\0007\000.\0002\000.\0001\000\040\000s\000t\000r\000u\000c\000t\000\040\000h\000a\000l\000\137\000s\000p\000i\000\137\000m\000a\000s\000t\000e\000r\000\137\000m\000o\000d\000e\000\137\000t\000x\000\137\000c\000o\000n\000f\000i\000g\000\137\000t}{subsection.7.7.2}% 85
\BOOKMARK [3][-]{subsubsection.7.7.2.2}{\376\377\0007\000.\0007\000.\0002\000.\0002\000\040\000s\000t\000r\000u\000c\000t\000\040\000h\000a\000l\000\137\000s\000p\000i\000\137\000m\000a\000s\000t\000e\000r\000\137\000m\000o\000d\000e\000\137\000t\000x\000\137\000d\000a\000t\000a\000\137\000t}{subsection.7.7.2}% 86
\BOOKMARK [2][-]{subsection.7.7.3}{\376\377\0007\000.\0007\000.\0003\000\040\000D\000o\000c\000u\000m\000e\000n\000t\000a\000c\000i\000\363\000n\000\040\000d\000e\000\040\000l\000a\000s\000\040\000f\000u\000n\000c\000i\000o\000n\000e\000s}{section.7.7}% 87
\BOOKMARK [3][-]{subsubsection.7.7.3.1}{\376\377\0007\000.\0007\000.\0003\000.\0001\000\040\000h\000a\000l\000\137\000s\000p\000i\000\137\000m\000a\000s\000t\000e\000r\000\137\000m\000o\000d\000e\000\137\000i\000n\000i\000t\000\050\000\051}{subsection.7.7.3}% 88
\BOOKMARK [3][-]{subsubsection.7.7.3.2}{\376\377\0007\000.\0007\000.\0003\000.\0002\000\040\000h\000a\000l\000\137\000s\000p\000i\000\137\000m\000a\000s\000t\000e\000r\000\137\000m\000o\000d\000e\000\137\000r\000x\000\137\000d\000a\000t\000a\000\050\000\051}{subsection.7.7.3}% 89
\BOOKMARK [3][-]{subsubsection.7.7.3.3}{\376\377\0007\000.\0007\000.\0003\000.\0003\000\040\000h\000a\000l\000\137\000s\000p\000i\000\137\000m\000a\000s\000t\000e\000r\000\137\000m\000o\000d\000e\000\137\000c\000o\000n\000f\000i\000g\000\137\000t\000x\000\050\000\051}{subsection.7.7.3}% 90
\BOOKMARK [3][-]{subsubsection.7.7.3.4}{\376\377\0007\000.\0007\000.\0003\000.\0004\000\040\000h\000a\000l\000\137\000s\000p\000i\000\137\000m\000a\000s\000t\000e\000r\000\137\000m\000o\000d\000e\000\137\000t\000x\000\137\000d\000a\000t\000a\000\050\000\051}{subsection.7.7.3}% 91
\BOOKMARK [3][-]{subsubsection.7.7.3.5}{\376\377\0007\000.\0007\000.\0003\000.\0005\000\040\000h\000a\000l\000\137\000s\000p\000i\000\137\000m\000a\000s\000t\000e\000r\000\137\000m\000o\000d\000e\000\137\000r\000e\000g\000i\000s\000t\000e\000r\000\137\000t\000x\000\137\000c\000a\000l\000l\000b\000a\000c\000k\000\050\000\051}{subsection.7.7.3}% 92
\BOOKMARK [3][-]{subsubsection.7.7.3.6}{\376\377\0007\000.\0007\000.\0003\000.\0006\000\040\000h\000a\000l\000\137\000s\000p\000i\000\137\000m\000a\000s\000t\000e\000r\000\137\000m\000o\000d\000e\000\137\000r\000e\000g\000i\000s\000t\000e\000r\000\137\000r\000x\000\137\000c\000a\000l\000l\000b\000a\000c\000k\000\050\000\051}{subsection.7.7.3}% 93
\BOOKMARK [1][-]{section.7.8}{\376\377\0007\000.\0008\000\040\000R\000e\000f\000e\000r\000e\000n\000c\000i\000a\000\040\000d\000e\000l\000\040\000A\000r\000c\000h\000i\000v\000o\000\040\000i\000n\000c\000l\000u\000d\000e\000s\000/\000h\000a\000l\000/\000H\000A\000L\000\137\000S\000Y\000S\000C\000O\000N\000.\000h}{chapter.7}% 94
\BOOKMARK [2][-]{subsection.7.8.1}{\376\377\0007\000.\0008\000.\0001\000\040\000D\000e\000s\000c\000r\000i\000p\000c\000i\000\363\000n\000\040\000d\000e\000t\000a\000l\000l\000a\000d\000a}{section.7.8}% 95
\BOOKMARK [2][-]{subsection.7.8.2}{\376\377\0007\000.\0008\000.\0002\000\040\000D\000o\000c\000u\000m\000e\000n\000t\000a\000c\000i\000\363\000n\000\040\000d\000e\000\040\000l\000a\000s\000\040\000f\000u\000n\000c\000i\000o\000n\000e\000s}{section.7.8}% 96
\BOOKMARK [3][-]{subsubsection.7.8.2.1}{\376\377\0007\000.\0008\000.\0002\000.\0001\000\040\000h\000a\000l\000\137\000s\000y\000s\000c\000o\000n\000\137\000g\000e\000t\000\137\000s\000y\000s\000t\000e\000m\000\137\000c\000l\000o\000c\000k\000\050\000\051}{subsection.7.8.2}% 97
\BOOKMARK [3][-]{subsubsection.7.8.2.2}{\376\377\0007\000.\0008\000.\0002\000.\0002\000\040\000h\000a\000l\000\137\000s\000y\000s\000c\000o\000n\000\137\000g\000e\000t\000\137\000f\000r\000o\000\137\000c\000l\000o\000c\000k\000\050\000\051}{subsection.7.8.2}% 98
\BOOKMARK [3][-]{subsubsection.7.8.2.3}{\376\377\0007\000.\0008\000.\0002\000.\0003\000\040\000h\000a\000l\000\137\000s\000y\000s\000c\000o\000n\000\137\000c\000o\000n\000f\000i\000g\000\137\000e\000x\000t\000e\000r\000n\000a\000l\000\137\000c\000r\000y\000s\000t\000a\000l\000\050\000\051}{subsection.7.8.2}% 99
\BOOKMARK [3][-]{subsubsection.7.8.2.4}{\376\377\0007\000.\0008\000.\0002\000.\0004\000\040\000h\000a\000l\000\137\000s\000y\000s\000c\000o\000n\000\137\000c\000o\000n\000f\000i\000g\000\137\000f\000r\000o\000\137\000d\000i\000r\000e\000c\000t\000\050\000\051}{subsection.7.8.2}% 100
\BOOKMARK [3][-]{subsubsection.7.8.2.5}{\376\377\0007\000.\0008\000.\0002\000.\0005\000\040\000h\000a\000l\000\137\000s\000y\000s\000c\000o\000n\000\137\000c\000o\000n\000f\000i\000g\000\137\000c\000l\000k\000o\000u\000t\000\050\000\051}{subsection.7.8.2}% 101
\BOOKMARK [3][-]{subsubsection.7.8.2.6}{\376\377\0007\000.\0008\000.\0002\000.\0006\000\040\000h\000a\000l\000\137\000s\000y\000s\000c\000o\000n\000\137\000c\000o\000n\000f\000i\000g\000\137\000f\000r\000g\000\050\000\051}{subsection.7.8.2}% 102
\BOOKMARK [3][-]{subsubsection.7.8.2.7}{\376\377\0007\000.\0008\000.\0002\000.\0007\000\040\000h\000a\000l\000\137\000s\000y\000s\000c\000o\000n\000\137\000s\000e\000t\000\137\000p\000e\000r\000i\000p\000h\000e\000r\000a\000l\000\137\000c\000l\000o\000c\000k\000\137\000s\000o\000u\000r\000c\000e\000\050\000\051}{subsection.7.8.2}% 103
\BOOKMARK [3][-]{subsubsection.7.8.2.8}{\376\377\0007\000.\0008\000.\0002\000.\0008\000\040\000h\000a\000l\000\137\000s\000y\000s\000c\000o\000n\000\137\000g\000e\000t\000\137\000p\000e\000r\000i\000p\000h\000e\000r\000a\000l\000\137\000c\000l\000o\000c\000k\000\050\000\051}{subsection.7.8.2}% 104
\BOOKMARK [3][-]{subsubsection.7.8.2.9}{\376\377\0007\000.\0008\000.\0002\000.\0009\000\040\000h\000a\000l\000\137\000s\000y\000s\000c\000o\000n\000\137\000s\000e\000t\000\137\000i\000o\000c\000o\000n\000\137\000g\000l\000i\000t\000c\000h\000\137\000d\000i\000v\000i\000d\000e\000r\000\050\000\051}{subsection.7.8.2}% 105
\BOOKMARK [3][-]{subsubsection.7.8.2.10}{\376\377\0007\000.\0008\000.\0002\000.\0001\0000\000\040\000h\000a\000l\000\137\000s\000y\000s\000c\000o\000n\000\137\000c\000o\000n\000f\000i\000g\000\137\000p\000l\000l\000\050\000\051}{subsection.7.8.2}% 106
\BOOKMARK [3][-]{subsubsection.7.8.2.11}{\376\377\0007\000.\0008\000.\0002\000.\0001\0001\000\040\000h\000a\000l\000\137\000s\000y\000s\000c\000o\000n\000\137\000g\000e\000t\000\137\000p\000l\000l\000\137\000c\000l\000o\000c\000k\000\050\000\051}{subsection.7.8.2}% 107
\BOOKMARK [1][-]{section.7.9}{\376\377\0007\000.\0009\000\040\000R\000e\000f\000e\000r\000e\000n\000c\000i\000a\000\040\000d\000e\000l\000\040\000A\000r\000c\000h\000i\000v\000o\000\040\000i\000n\000c\000l\000u\000d\000e\000s\000/\000h\000a\000l\000/\000H\000A\000L\000\137\000S\000Y\000S\000T\000I\000C\000K\000.\000h}{chapter.7}% 108
\BOOKMARK [2][-]{subsection.7.9.1}{\376\377\0007\000.\0009\000.\0001\000\040\000D\000e\000s\000c\000r\000i\000p\000c\000i\000\363\000n\000\040\000d\000e\000t\000a\000l\000l\000a\000d\000a}{section.7.9}% 109
\BOOKMARK [2][-]{subsection.7.9.2}{\376\377\0007\000.\0009\000.\0002\000\040\000D\000o\000c\000u\000m\000e\000n\000t\000a\000c\000i\000\363\000n\000\040\000d\000e\000\040\000l\000a\000s\000\040\000f\000u\000n\000c\000i\000o\000n\000e\000s}{section.7.9}% 110
\BOOKMARK [3][-]{subsubsection.7.9.2.1}{\376\377\0007\000.\0009\000.\0002\000.\0001\000\040\000h\000a\000l\000\137\000s\000y\000s\000t\000i\000c\000k\000\137\000i\000n\000i\000t\000\050\000\051}{subsection.7.9.2}% 111
\BOOKMARK [3][-]{subsubsection.7.9.2.2}{\376\377\0007\000.\0009\000.\0002\000.\0002\000\040\000h\000a\000l\000\137\000s\000y\000s\000t\000i\000c\000k\000\137\000u\000p\000d\000a\000t\000e\000\137\000c\000a\000l\000l\000b\000a\000c\000k\000\050\000\051}{subsection.7.9.2}% 112
\BOOKMARK [1][-]{section.7.10}{\376\377\0007\000.\0001\0000\000\040\000R\000e\000f\000e\000r\000e\000n\000c\000i\000a\000\040\000d\000e\000l\000\040\000A\000r\000c\000h\000i\000v\000o\000\040\000i\000n\000c\000l\000u\000d\000e\000s\000/\000h\000a\000l\000/\000H\000A\000L\000\137\000U\000A\000R\000T\000.\000h}{chapter.7}% 113
\BOOKMARK [2][-]{subsection.7.10.1}{\376\377\0007\000.\0001\0000\000.\0001\000\040\000D\000e\000s\000c\000r\000i\000p\000c\000i\000\363\000n\000\040\000d\000e\000t\000a\000l\000l\000a\000d\000a}{section.7.10}% 114
\BOOKMARK [2][-]{subsection.7.10.2}{\376\377\0007\000.\0001\0000\000.\0002\000\040\000D\000o\000c\000u\000m\000e\000n\000t\000a\000c\000i\000\363\000n\000\040\000d\000e\000\040\000l\000a\000s\000\040\000f\000u\000n\000c\000i\000o\000n\000e\000s}{section.7.10}% 115
\BOOKMARK [3][-]{subsubsection.7.10.2.1}{\376\377\0007\000.\0001\0000\000.\0002\000.\0001\000\040\000h\000a\000l\000\137\000u\000a\000r\000t\000\137\000i\000n\000i\000t\000\050\000\051}{subsection.7.10.2}% 116
\BOOKMARK [3][-]{subsubsection.7.10.2.2}{\376\377\0007\000.\0001\0000\000.\0002\000.\0002\000\040\000h\000a\000l\000\137\000u\000a\000r\000t\000\137\000t\000x\000\137\000b\000y\000t\000e\000\050\000\051}{subsection.7.10.2}% 117
\BOOKMARK [3][-]{subsubsection.7.10.2.3}{\376\377\0007\000.\0001\0000\000.\0002\000.\0003\000\040\000h\000a\000l\000\137\000u\000a\000r\000t\000\137\000r\000x\000\137\000b\000y\000t\000e\000\050\000\051}{subsection.7.10.2}% 118
\BOOKMARK [3][-]{subsubsection.7.10.2.4}{\376\377\0007\000.\0001\0000\000.\0002\000.\0004\000\040\000h\000a\000l\000\137\000u\000a\000r\000t\000\137\000r\000e\000g\000i\000s\000t\000e\000r\000\137\000t\000x\000\137\000c\000a\000l\000l\000b\000a\000c\000k\000\050\000\051}{subsection.7.10.2}% 119
\BOOKMARK [3][-]{subsubsection.7.10.2.5}{\376\377\0007\000.\0001\0000\000.\0002\000.\0005\000\040\000h\000a\000l\000\137\000u\000a\000r\000t\000\137\000r\000e\000g\000i\000s\000t\000e\000r\000\137\000r\000x\000\137\000c\000a\000l\000l\000b\000a\000c\000k\000\050\000\051}{subsection.7.10.2}% 120
\BOOKMARK [1][-]{section.7.11}{\376\377\0007\000.\0001\0001\000\040\000R\000e\000f\000e\000r\000e\000n\000c\000i\000a\000\040\000d\000e\000l\000\040\000A\000r\000c\000h\000i\000v\000o\000\040\000i\000n\000c\000l\000u\000d\000e\000s\000/\000h\000a\000l\000/\000H\000A\000L\000\137\000W\000K\000T\000.\000h}{chapter.7}% 121
\BOOKMARK [2][-]{subsection.7.11.1}{\376\377\0007\000.\0001\0001\000.\0001\000\040\000D\000e\000s\000c\000r\000i\000p\000c\000i\000\363\000n\000\040\000d\000e\000t\000a\000l\000l\000a\000d\000a}{section.7.11}% 122
\BOOKMARK [2][-]{subsection.7.11.2}{\376\377\0007\000.\0001\0001\000.\0002\000\040\000D\000o\000c\000u\000m\000e\000n\000t\000a\000c\000i\000\363\000n\000\040\000d\000e\000\040\000l\000a\000s\000\040\000f\000u\000n\000c\000i\000o\000n\000e\000s}{section.7.11}% 123
\BOOKMARK [3][-]{subsubsection.7.11.2.1}{\376\377\0007\000.\0001\0001\000.\0002\000.\0001\000\040\000h\000a\000l\000\137\000w\000k\000t\000\137\000i\000n\000i\000t\000\050\000\051}{subsection.7.11.2}% 124
\BOOKMARK [3][-]{subsubsection.7.11.2.2}{\376\377\0007\000.\0001\0001\000.\0002\000.\0002\000\040\000h\000a\000l\000\137\000w\000k\000t\000\137\000r\000e\000g\000i\000s\000t\000e\000r\000\137\000c\000a\000l\000l\000b\000a\000c\000k\000\050\000\051}{subsection.7.11.2}% 125
\BOOKMARK [0][-]{chapter.8}{\376\377\0008\000\040\000D\000o\000c\000u\000m\000e\000n\000t\000a\000c\000i\000\363\000n\000\040\000d\000e\000\040\000e\000j\000e\000m\000p\000l\000o\000s}{}% 126
\BOOKMARK [1][-]{section.8.1}{\376\377\0008\000.\0001\000\040\000E\000j\000e\000m\000p\000l\000o\000\137\000A\000D\000C\000.\000c}{chapter.8}% 127
