20:45:58 **** Build of configuration Debug for project Micro_tester ****
make -r -j4 all 
Building file: ../src/Micro_tester.c
Building file: ../src/aeabi_romdiv_patch.s
Building file: ../src/crp.c
Building file: ../src/cr_startup_lpc84x.c
Invoking: MCU C Compiler
Invoking: MCU Assembler
arm-none-eabi-gcc -c -x assembler-with-cpp -DDEBUG -D__CODE_RED -DCORE_M0PLUS -D__LPC84X__ -D__REDLIB__ -g3 -mcpu=cortex-m0 -mthumb -specs=redlib.specs -o "src/aeabi_romdiv_patch.o" "../src/aeabi_romdiv_patch.s"
Invoking: MCU C Compiler
arm-none-eabi-gcc -DDEBUG -D__CODE_RED -DCORE_M0PLUS -D__MTB_DISABLE -D__MTB_BUFFER_SIZE=256 -D__LPC84X__ -D__REDLIB__ -I"/home/augusto/Desktop/InfoII/Libreria_LPC845/LPC845/Libreria_LPC845/includes/hpl" -I"/home/augusto/Desktop/InfoII/Libreria_LPC845/LPC845/Libreria_LPC845/includes/hri" -I"/home/augusto/Desktop/InfoII/Libreria_LPC845/LPC845/Libreria_LPC845/includes/hal" -O0 -fno-common -g3 -Wall -c -fmessage-length=0 -fno-builtin -ffunction-sections -fdata-sections -mcpu=cortex-m0 -mthumb -fstack-usage -specs=redlib.specs -MMD -MP -MF"src/cr_startup_lpc84x.d" -MT"src/cr_startup_lpc84x.o" -MT"src/cr_startup_lpc84x.d" -o "src/cr_startup_lpc84x.o" "../src/cr_startup_lpc84x.c"
arm-none-eabi-gcc -DDEBUG -D__CODE_RED -DCORE_M0PLUS -D__MTB_DISABLE -D__MTB_BUFFER_SIZE=256 -D__LPC84X__ -D__REDLIB__ -I"/home/augusto/Desktop/InfoII/Libreria_LPC845/LPC845/Libreria_LPC845/includes/hpl" -I"/home/augusto/Desktop/InfoII/Libreria_LPC845/LPC845/Libreria_LPC845/includes/hri" -I"/home/augusto/Desktop/InfoII/Libreria_LPC845/LPC845/Libreria_LPC845/includes/hal" -O0 -fno-common -g3 -Wall -c -fmessage-length=0 -fno-builtin -ffunction-sections -fdata-sections -mcpu=cortex-m0 -mthumb -fstack-usage -specs=redlib.specs -MMD -MP -MF"src/crp.d" -MT"src/crp.o" -MT"src/crp.d" -o "src/crp.o" "../src/crp.c"
Invoking: MCU C Compiler
arm-none-eabi-gcc -DDEBUG -D__CODE_RED -DCORE_M0PLUS -D__MTB_DISABLE -D__MTB_BUFFER_SIZE=256 -D__LPC84X__ -D__REDLIB__ -I"/home/augusto/Desktop/InfoII/Libreria_LPC845/LPC845/Libreria_LPC845/includes/hpl" -I"/home/augusto/Desktop/InfoII/Libreria_LPC845/LPC845/Libreria_LPC845/includes/hri" -I"/home/augusto/Desktop/InfoII/Libreria_LPC845/LPC845/Libreria_LPC845/includes/hal" -O0 -fno-common -g3 -Wall -c -fmessage-length=0 -fno-builtin -ffunction-sections -fdata-sections -mcpu=cortex-m0 -mthumb -fstack-usage -specs=redlib.specs -MMD -MP -MF"src/Micro_tester.d" -MT"src/Micro_tester.o" -MT"src/Micro_tester.d" -o "src/Micro_tester.o" "../src/Micro_tester.c"
Finished building: ../src/aeabi_romdiv_patch.s
 
Building file: ../src/mtb.c
Invoking: MCU C Compiler
arm-none-eabi-gcc -DDEBUG -D__CODE_RED -DCORE_M0PLUS -D__MTB_DISABLE -D__MTB_BUFFER_SIZE=256 -D__LPC84X__ -D__REDLIB__ -I"/home/augusto/Desktop/InfoII/Libreria_LPC845/LPC845/Libreria_LPC845/includes/hpl" -I"/home/augusto/Desktop/InfoII/Libreria_LPC845/LPC845/Libreria_LPC845/includes/hri" -I"/home/augusto/Desktop/InfoII/Libreria_LPC845/LPC845/Libreria_LPC845/includes/hal" -O0 -fno-common -g3 -Wall -c -fmessage-length=0 -fno-builtin -ffunction-sections -fdata-sections -mcpu=cortex-m0 -mthumb -fstack-usage -specs=redlib.specs -MMD -MP -MF"src/mtb.d" -MT"src/mtb.o" -MT"src/mtb.d" -o "src/mtb.o" "../src/mtb.c"
Finished building: ../src/crp.c
 
Finished building: ../src/cr_startup_lpc84x.c
 
Finished building: ../src/mtb.c
 
Finished building: ../src/Micro_tester.c
 
Building target: Micro_tester.axf
Invoking: MCU Linker
arm-none-eabi-gcc -nostdlib -L"/home/augusto/Desktop/InfoII/Libreria_LPC845/LPC845/Libreria_LPC845/Debug" -Xlinker -Map="Micro_tester.map" -Xlinker --cref -Xlinker --gc-sections -Xlinker -print-memory-usage -mcpu=cortex-m0 -mthumb -T "Micro_tester_Debug.ld" -o "Micro_tester.axf"  ./src/Micro_tester.o ./src/aeabi_romdiv_patch.o ./src/cr_startup_lpc84x.o ./src/crp.o ./src/mtb.o   -lLibreria_LPC845
Memory region         Used Size  Region Size  %age Used
        MFlash64:       16520 B        64 KB     25.21%
        RamLoc16:         224 B        16 KB      1.37%
Finished building target: Micro_tester.axf
 
make --no-print-directory post-build
Performing post-build steps
arm-none-eabi-size "Micro_tester.axf"; # arm-none-eabi-objcopy -v -O binary "Micro_tester.axf" "Micro_tester.bin" ; # checksum -p LPC845 -d "Micro_tester.bin";
   text	   data	    bss	    dec	    hex	filename
  16336	    184	     40	  16560	   40b0	Micro_tester.axf
 
20:46:24 **** Incremental Build of configuration Debug for project Micro_tester ****
make -r -j4 all 
make: Nothing to be done for 'all'.
20:50:28 **** Incremental Build of configuration Debug for project Micro_tester ****
make -r -j4 all 
make: Nothing to be done for 'all'.
20:53:19 **** Incremental Build of configuration Debug for project Libreria_LPC845 ****
make -r all 
make: Nothing to be done for 'all'.
20:53:20 **** Incremental Build of configuration Debug for project Micro_tester ****
make -r -j4 all 
Building file: ../src/Micro_tester.c
Invoking: MCU C Compiler
arm-none-eabi-gcc -DDEBUG -D__CODE_RED -DCORE_M0PLUS -D__MTB_DISABLE -D__MTB_BUFFER_SIZE=256 -D__LPC84X__ -D__REDLIB__ -I"/home/augusto/Desktop/InfoII/Libreria_LPC845/LPC845/Libreria_LPC845/includes/hpl" -I"/home/augusto/Desktop/InfoII/Libreria_LPC845/LPC845/Libreria_LPC845/includes/hri" -I"/home/augusto/Desktop/InfoII/Libreria_LPC845/LPC845/Libreria_LPC845/includes/hal" -O0 -fno-common -g3 -Wall -c -fmessage-length=0 -fno-builtin -ffunction-sections -fdata-sections -mcpu=cortex-m0 -mthumb -fstack-usage -specs=redlib.specs -MMD -MP -MF"src/Micro_tester.d" -MT"src/Micro_tester.o" -MT"src/Micro_tester.d" -o "src/Micro_tester.o" "../src/Micro_tester.c"
Finished building: ../src/Micro_tester.c
 
Building target: Micro_tester.axf
Invoking: MCU Linker
arm-none-eabi-gcc -nostdlib -L"/home/augusto/Desktop/InfoII/Libreria_LPC845/LPC845/Libreria_LPC845/Debug" -Xlinker -Map="Micro_tester.map" -Xlinker --cref -Xlinker --gc-sections -Xlinker -print-memory-usage -mcpu=cortex-m0 -mthumb -T "Micro_tester_Debug.ld" -o "Micro_tester.axf"  ./src/Micro_tester.o ./src/aeabi_romdiv_patch.o ./src/cr_startup_lpc84x.o ./src/crp.o ./src/mtb.o   -lLibreria_LPC845
Memory region         Used Size  Region Size  %age Used
        MFlash64:       16520 B        64 KB     25.21%
        RamLoc16:         224 B        16 KB      1.37%
Finished building target: Micro_tester.axf
 
make --no-print-directory post-build
Performing post-build steps
arm-none-eabi-size "Micro_tester.axf"; # arm-none-eabi-objcopy -v -O binary "Micro_tester.axf" "Micro_tester.bin" ; # checksum -p LPC845 -d "Micro_tester.bin";
   text	   data	    bss	    dec	    hex	filename
  16336	    184	     40	  16560	   40b0	Micro_tester.axf
 
20:53:21 **** Incremental Build of configuration Debug for project Test_development ****
make -r -j4 all 
make: Nothing to be done for 'all'.
20:53:28 **** Incremental Build of configuration Debug for project Micro_tester ****
make -r -j4 all 
make: Nothing to be done for 'all'.
20:55:46 **** Incremental Build of configuration Debug for project Libreria_LPC845 ****
make -r all 
make: Nothing to be done for 'all'.
20:55:47 **** Incremental Build of configuration Debug for project Micro_tester ****
make -r -j4 all 
Building file: ../src/Micro_tester.c
Invoking: MCU C Compiler
arm-none-eabi-gcc -DDEBUG -D__CODE_RED -DCORE_M0PLUS -D__MTB_DISABLE -D__MTB_BUFFER_SIZE=256 -D__LPC84X__ -D__REDLIB__ -I"/home/augusto/Desktop/InfoII/Libreria_LPC845/LPC845/Libreria_LPC845/includes/hpl" -I"/home/augusto/Desktop/InfoII/Libreria_LPC845/LPC845/Libreria_LPC845/includes/hri" -I"/home/augusto/Desktop/InfoII/Libreria_LPC845/LPC845/Libreria_LPC845/includes/hal" -O0 -fno-common -g3 -Wall -c -fmessage-length=0 -fno-builtin -ffunction-sections -fdata-sections -mcpu=cortex-m0 -mthumb -fstack-usage -specs=redlib.specs -MMD -MP -MF"src/Micro_tester.d" -MT"src/Micro_tester.o" -MT"src/Micro_tester.d" -o "src/Micro_tester.o" "../src/Micro_tester.c"
Finished building: ../src/Micro_tester.c
 
Building target: Micro_tester.axf
Invoking: MCU Linker
arm-none-eabi-gcc -nostdlib -L"/home/augusto/Desktop/InfoII/Libreria_LPC845/LPC845/Libreria_LPC845/Debug" -Xlinker -Map="Micro_tester.map" -Xlinker --cref -Xlinker --gc-sections -Xlinker -print-memory-usage -mcpu=cortex-m0 -mthumb -T "Micro_tester_Debug.ld" -o "Micro_tester.axf"  ./src/Micro_tester.o ./src/aeabi_romdiv_patch.o ./src/cr_startup_lpc84x.o ./src/crp.o ./src/mtb.o   -lLibreria_LPC845
Memory region         Used Size  Region Size  %age Used
        MFlash64:       15424 B        64 KB     23.54%
        RamLoc16:         220 B        16 KB      1.34%
Finished building target: Micro_tester.axf
 
make --no-print-directory post-build
Performing post-build steps
arm-none-eabi-size "Micro_tester.axf"; # arm-none-eabi-objcopy -v -O binary "Micro_tester.axf" "Micro_tester.bin" ; # checksum -p LPC845 -d "Micro_tester.bin";
   text	   data	    bss	    dec	    hex	filename
  15240	    184	     36	  15460	   3c64	Micro_tester.axf
 
20:55:48 **** Incremental Build of configuration Debug for project Test_development ****
make -r -j4 all 
make: Nothing to be done for 'all'.
20:57:12 **** Incremental Build of configuration Debug for project Micro_tester ****
make -r -j4 all 
make: Nothing to be done for 'all'.
20:59:16 **** Incremental Build of configuration Debug for project Libreria_LPC845 ****
make -r all 
Building file: ../source/hal/HAL_IOCON.c
Invoking: MCU C Compiler
arm-none-eabi-gcc -D__REDLIB__ -DCPU_LPC845M301JBD48 -DCPU_LPC845M301JBD48_cm0plus -DSDK_DEBUGCONSOLE=1 -DCR_INTEGER_PRINTF -DPRINTF_FLOAT_ENABLE=0 -D__MCUXPRESSO -DDEBUG -I"/home/augusto/Desktop/InfoII/Libreria_LPC845/LPC845/Libreria_LPC845/includes" -I"/home/augusto/Desktop/InfoII/Libreria_LPC845/LPC845/Libreria_LPC845/includes/hal" -I"/home/augusto/Desktop/InfoII/Libreria_LPC845/LPC845/Libreria_LPC845/includes/infotronic" -I"/home/augusto/Desktop/InfoII/Libreria_LPC845/LPC845/Libreria_LPC845/includes/hpl" -I"/home/augusto/Desktop/InfoII/Libreria_LPC845/LPC845/Libreria_LPC845/includes/hri" -O0 -fno-common -g3 -Wall -c -ffunction-sections -fdata-sections -ffreestanding -fno-builtin -mcpu=cortex-m0 -mthumb -D__REDLIB__ -fstack-usage -specs=redlib.specs -MMD -MP -MF"source/hal/HAL_IOCON.d" -MT"source/hal/HAL_IOCON.o" -MT"source/hal/HAL_IOCON.d" -o "source/hal/HAL_IOCON.o" "../source/hal/HAL_IOCON.c"
Finished building: ../source/hal/HAL_IOCON.c
 
Building target: libLibreria_LPC845.a
Invoking: MCU Archiver
arm-none-eabi-ar -r  "libLibreria_LPC845.a"  ./source/infotronic/LCD.o ./source/infotronic/display.o ./source/infotronic/infotronic.o ./source/infotronic/relays.o ./source/infotronic/teclado.o ./source/infotronic/termometro.o ./source/infotronic/timer.o  ./source/hpl/HPL_ADC.o ./source/hpl/HPL_CTIMER.o ./source/hpl/HPL_DAC.o ./source/hpl/HPL_GPIO.o ./source/hpl/HPL_IOCON.o ./source/hpl/HPL_NVIC.o ./source/hpl/HPL_PININT.o ./source/hpl/HPL_SPI.o ./source/hpl/HPL_SWM.o ./source/hpl/HPL_SYSCON.o ./source/hpl/HPL_SYSTICK.o ./source/hpl/HPL_UART.o  ./source/hal/HAL_ADC.o ./source/hal/HAL_CTIMER.o ./source/hal/HAL_DAC.o ./source/hal/HAL_GPIO.o ./source/hal/HAL_IOCON.o ./source/hal/HAL_PININT.o ./source/hal/HAL_SYSCON.o ./source/hal/HAL_SYSTICK.o ./source/hal/HAL_UART.o  ./source/mtb.o   
arm-none-eabi-ar: creating libLibreria_LPC845.a
Finished building target: libLibreria_LPC845.a
 
make --no-print-directory post-build
Performing post-build steps
arm-none-eabi-size "libLibreria_LPC845.a" ; # arm-none-eabi-objdump -h -S "libLibreria_LPC845.a" >"libLibreria_LPC845.lss"
   text	   data	    bss	    dec	    hex	filename
    906	      0	    203	   1109	    455	LCD.o (ex libLibreria_LPC845.a)
    968	      0	     15	    983	    3d7	display.o (ex libLibreria_LPC845.a)
    788	      0	      4	    792	    318	infotronic.o (ex libLibreria_LPC845.a)
    392	      0	      2	    394	    18a	relays.o (ex libLibreria_LPC845.a)
    746	      2	      8	    756	    2f4	teclado.o (ex libLibreria_LPC845.a)
   1076	      0	     52	   1128	    468	termometro.o (ex libLibreria_LPC845.a)
    648	      0	    240	    888	    378	timer.o (ex libLibreria_LPC845.a)
      4	      0	      0	      4	      4	HPL_ADC.o (ex libLibreria_LPC845.a)
      4	      0	      0	      4	      4	HPL_CTIMER.o (ex libLibreria_LPC845.a)
      8	      0	      0	      8	      8	HPL_DAC.o (ex libLibreria_LPC845.a)
      4	      0	      0	      4	      4	HPL_GPIO.o (ex libLibreria_LPC845.a)
    260	      0	      4	    264	    108	HPL_IOCON.o (ex libLibreria_LPC845.a)
      4	      0	      0	      4	      4	HPL_NVIC.o (ex libLibreria_LPC845.a)
      4	      0	      0	      4	      4	HPL_PININT.o (ex libLibreria_LPC845.a)
    652	      0	      8	    660	    294	HPL_SPI.o (ex libLibreria_LPC845.a)
      4	      0	      0	      4	      4	HPL_SWM.o (ex libLibreria_LPC845.a)
      4	      0	      0	      4	      4	HPL_SYSCON.o (ex libLibreria_LPC845.a)
      4	      0	      0	      4	      4	HPL_SYSTICK.o (ex libLibreria_LPC845.a)
     20	      0	      0	     20	     14	HPL_UART.o (ex libLibreria_LPC845.a)
   3292	     16	      0	   3308	    cec	HAL_ADC.o (ex libLibreria_LPC845.a)
   3642	     32	      0	   3674	    e5a	HAL_CTIMER.o (ex libLibreria_LPC845.a)
   1118	      0	      0	   1118	    45e	HAL_DAC.o (ex libLibreria_LPC845.a)
    758	      0	      0	    758	    2f6	HAL_GPIO.o (ex libLibreria_LPC845.a)
    704	      0	      0	    704	    2c0	HAL_IOCON.o (ex libLibreria_LPC845.a)
   1386	     32	      0	   1418	    58a	HAL_PININT.o (ex libLibreria_LPC845.a)
   2426	      8	     16	   2450	    992	HAL_SYSCON.o (ex libLibreria_LPC845.a)
    378	      4	      0	    382	    17e	HAL_SYSTICK.o (ex libLibreria_LPC845.a)
   2640	     40	      0	   2680	    a78	HAL_UART.o (ex libLibreria_LPC845.a)
      0	    128	      0	    128	     80	mtb.o (ex libLibreria_LPC845.a)
 
20:59:17 **** Incremental Build of configuration Debug for project Micro_tester ****
make -r -j4 all 
Building file: ../src/Micro_tester.c
Invoking: MCU C Compiler
arm-none-eabi-gcc -DDEBUG -D__CODE_RED -DCORE_M0PLUS -D__MTB_DISABLE -D__MTB_BUFFER_SIZE=256 -D__LPC84X__ -D__REDLIB__ -I"/home/augusto/Desktop/InfoII/Libreria_LPC845/LPC845/Libreria_LPC845/includes/hpl" -I"/home/augusto/Desktop/InfoII/Libreria_LPC845/LPC845/Libreria_LPC845/includes/hri" -I"/home/augusto/Desktop/InfoII/Libreria_LPC845/LPC845/Libreria_LPC845/includes/hal" -O0 -fno-common -g3 -Wall -c -fmessage-length=0 -fno-builtin -ffunction-sections -fdata-sections -mcpu=cortex-m0 -mthumb -fstack-usage -specs=redlib.specs -MMD -MP -MF"src/Micro_tester.d" -MT"src/Micro_tester.o" -MT"src/Micro_tester.d" -o "src/Micro_tester.o" "../src/Micro_tester.c"
Finished building: ../src/Micro_tester.c
 
Building target: Micro_tester.axf
Invoking: MCU Linker
arm-none-eabi-gcc -nostdlib -L"/home/augusto/Desktop/InfoII/Libreria_LPC845/LPC845/Libreria_LPC845/Debug" -Xlinker -Map="Micro_tester.map" -Xlinker --cref -Xlinker --gc-sections -Xlinker -print-memory-usage -mcpu=cortex-m0 -mthumb -T "Micro_tester_Debug.ld" -o "Micro_tester.axf"  ./src/Micro_tester.o ./src/aeabi_romdiv_patch.o ./src/cr_startup_lpc84x.o ./src/crp.o ./src/mtb.o   -lLibreria_LPC845
Memory region         Used Size  Region Size  %age Used
        MFlash64:       16740 B        64 KB     25.54%
        RamLoc16:         224 B        16 KB      1.37%
Finished building target: Micro_tester.axf
 
make --no-print-directory post-build
Performing post-build steps
arm-none-eabi-size "Micro_tester.axf"; # arm-none-eabi-objcopy -v -O binary "Micro_tester.axf" "Micro_tester.bin" ; # checksum -p LPC845 -d "Micro_tester.bin";
   text	   data	    bss	    dec	    hex	filename
  16556	    184	     40	  16780	   418c	Micro_tester.axf
 
20:59:18 **** Incremental Build of configuration Debug for project Test_development ****
make -r -j4 all 
make: Nothing to be done for 'all'.
20:59:25 **** Incremental Build of configuration Debug for project Micro_tester ****
make -r -j4 all 
make: Nothing to be done for 'all'.
21:00:01 **** Incremental Build of configuration Debug for project Libreria_LPC845 ****
make -r all 
make: Nothing to be done for 'all'.
21:00:02 **** Incremental Build of configuration Debug for project Micro_tester ****
make -r -j4 all 
Building file: ../src/Micro_tester.c
Invoking: MCU C Compiler
arm-none-eabi-gcc -DDEBUG -D__CODE_RED -DCORE_M0PLUS -D__MTB_DISABLE -D__MTB_BUFFER_SIZE=256 -D__LPC84X__ -D__REDLIB__ -I"/home/augusto/Desktop/InfoII/Libreria_LPC845/LPC845/Libreria_LPC845/includes/hpl" -I"/home/augusto/Desktop/InfoII/Libreria_LPC845/LPC845/Libreria_LPC845/includes/hri" -I"/home/augusto/Desktop/InfoII/Libreria_LPC845/LPC845/Libreria_LPC845/includes/hal" -O0 -fno-common -g3 -Wall -c -fmessage-length=0 -fno-builtin -ffunction-sections -fdata-sections -mcpu=cortex-m0 -mthumb -fstack-usage -specs=redlib.specs -MMD -MP -MF"src/Micro_tester.d" -MT"src/Micro_tester.o" -MT"src/Micro_tester.d" -o "src/Micro_tester.o" "../src/Micro_tester.c"
Finished building: ../src/Micro_tester.c
 
Building target: Micro_tester.axf
Invoking: MCU Linker
arm-none-eabi-gcc -nostdlib -L"/home/augusto/Desktop/InfoII/Libreria_LPC845/LPC845/Libreria_LPC845/Debug" -Xlinker -Map="Micro_tester.map" -Xlinker --cref -Xlinker --gc-sections -Xlinker -print-memory-usage -mcpu=cortex-m0 -mthumb -T "Micro_tester_Debug.ld" -o "Micro_tester.axf"  ./src/Micro_tester.o ./src/aeabi_romdiv_patch.o ./src/cr_startup_lpc84x.o ./src/crp.o ./src/mtb.o   -lLibreria_LPC845
Memory region         Used Size  Region Size  %age Used
        MFlash64:       16736 B        64 KB     25.54%
        RamLoc16:         224 B        16 KB      1.37%
Finished building target: Micro_tester.axf
 
make --no-print-directory post-build
Performing post-build steps
arm-none-eabi-size "Micro_tester.axf"; # arm-none-eabi-objcopy -v -O binary "Micro_tester.axf" "Micro_tester.bin" ; # checksum -p LPC845 -d "Micro_tester.bin";
   text	   data	    bss	    dec	    hex	filename
  16552	    184	     40	  16776	   4188	Micro_tester.axf
 
21:00:03 **** Incremental Build of configuration Debug for project Test_development ****
make -r -j4 all 
make: Nothing to be done for 'all'.
21:00:09 **** Incremental Build of configuration Debug for project Micro_tester ****
make -r -j4 all 
make: Nothing to be done for 'all'.
